# JRE version: OpenJDK Runtime Environment (8.0_292-b10) (build 1.8.0_292-b10)
# Java VM: OpenJDK 64-Bit Server VM (25.292-b10 mixed mode windows-amd64 compressed oops)
Heap:
 PSYoungGen      total 408576K, used 37179K [0x00000000d5f80000, 0x00000000f1300000, 0x0000000100000000)
  eden space 390144K, 9% used [0x00000000d5f80000,0x00000000d83cef58,0x00000000edc80000)
  from space 18432K, 0% used [0x00000000eef00000,0x00000000eef00000,0x00000000f0100000)
  to   space 18944K, 0% used [0x00000000edc80000,0x00000000edc80000,0x00000000eef00000)
 ParOldGen       total 107008K, used 26671K [0x0000000081e00000, 0x0000000088680000, 0x00000000d5f80000)
  object space 107008K, 24% used [0x0000000081e00000,0x000000008380bca8,0x0000000088680000)
 Metaspace       used 57741K, capacity 60508K, committed 60672K, reserved 1101824K
  class space    used 7841K, capacity 8348K, committed 8448K, reserved 1048576K
GC Heap History (10 events):
Event: 18.071 GC heap before
{Heap before GC invocations=11 (full 2):
 PSYoungGen      total 224768K, used 9677K [0x00000000d5f80000, 0x00000000e8b00000, 0x0000000100000000)
  eden space 214016K, 0% used [0x00000000d5f80000,0x00000000d5f80000,0x00000000e3080000)
  from space 10752K, 90% used [0x00000000e3080000,0x00000000e39f3648,0x00000000e3b00000)
  to   space 11776K, 0% used [0x00000000e7f80000,0x00000000e7f80000,0x00000000e8b00000)
 ParOldGen       total 54272K, used 8231K [0x0000000081e00000, 0x0000000085300000, 0x00000000d5f80000)
  object space 54272K, 15% used [0x0000000081e00000,0x0000000082609cf0,0x0000000085300000)
 Metaspace       used 33593K, capacity 35440K, committed 35496K, reserved 1079296K
  class space    used 4449K, capacity 4818K, committed 4864K, reserved 1048576K
Event: 18.109 GC heap after
Heap after GC invocations=11 (full 2):
 PSYoungGen      total 224768K, used 0K [0x00000000d5f80000, 0x00000000e8b00000, 0x0000000100000000)
  eden space 214016K, 0% used [0x00000000d5f80000,0x00000000d5f80000,0x00000000e3080000)
  from space 10752K, 0% used [0x00000000e3080000,0x00000000e3080000,0x00000000e3b00000)
  to   space 11776K, 0% used [0x00000000e7f80000,0x00000000e7f80000,0x00000000e8b00000)
 ParOldGen       total 74752K, used 15053K [0x0000000081e00000, 0x0000000086700000, 0x00000000d5f80000)
  object space 74752K, 20% used [0x0000000081e00000,0x0000000082cb3468,0x0000000086700000)
 Metaspace       used 33593K, capacity 35440K, committed 35496K, reserved 1079296K
  class space    used 4449K, capacity 4818K, committed 4864K, reserved 1048576K
}
Event: 21.084 GC heap before
{Heap before GC invocations=12 (full 2):
 PSYoungGen      total 224768K, used 214016K [0x00000000d5f80000, 0x00000000e8b00000, 0x0000000100000000)
  eden space 214016K, 100% used [0x00000000d5f80000,0x00000000e3080000,0x00000000e3080000)
  from space 10752K, 0% used [0x00000000e3080000,0x00000000e3080000,0x00000000e3b00000)
  to   space 11776K, 0% used [0x00000000e7f80000,0x00000000e7f80000,0x00000000e8b00000)
 ParOldGen       total 74752K, used 15053K [0x0000000081e00000, 0x0000000086700000, 0x00000000d5f80000)
  object space 74752K, 20% used [0x0000000081e00000,0x0000000082cb3468,0x0000000086700000)
 Metaspace       used 42767K, capacity 44830K, committed 45056K, reserved 1087488K
  class space    used 5742K, capacity 6123K, committed 6144K, reserved 1048576K
Event: 21.119 GC heap after
Heap after GC invocations=12 (full 2):
 PSYoungGen      total 293376K, used 11764K [0x00000000d5f80000, 0x00000000ea080000, 0x0000000100000000)
  eden space 281600K, 0% used [0x00000000d5f80000,0x00000000d5f80000,0x00000000e7280000)
  from space 11776K, 99% used [0x00000000e7f80000,0x00000000e8afd318,0x00000000e8b00000)
  to   space 13312K, 0% used [0x00000000e7280000,0x00000000e7280000,0x00000000e7f80000)
 ParOldGen       total 74752K, used 16151K [0x0000000081e00000, 0x0000000086700000, 0x00000000d5f80000)
  object space 74752K, 21% used [0x0000000081e00000,0x0000000082dc5d68,0x0000000086700000)
 Metaspace       used 42767K, capacity 44830K, committed 45056K, reserved 1087488K
  class space    used 5742K, capacity 6123K, committed 6144K, reserved 1048576K
}
Event: 26.055 GC heap before
{Heap before GC invocations=13 (full 2):
 PSYoungGen      total 293376K, used 293364K [0x00000000d5f80000, 0x00000000ea080000, 0x0000000100000000)
  eden space 281600K, 100% used [0x00000000d5f80000,0x00000000e7280000,0x00000000e7280000)
  from space 11776K, 99% used [0x00000000e7f80000,0x00000000e8afd318,0x00000000e8b00000)
  to   space 13312K, 0% used [0x00000000e7280000,0x00000000e7280000,0x00000000e7f80000)
 ParOldGen       total 74752K, used 16151K [0x0000000081e00000, 0x0000000086700000, 0x00000000d5f80000)
  object space 74752K, 21% used [0x0000000081e00000,0x0000000082dc5d68,0x0000000086700000)
 Metaspace       used 54658K, capacity 57358K, committed 57600K, reserved 1099776K
  class space    used 7355K, capacity 7841K, committed 7936K, reserved 1048576K
Event: 26.078 GC heap after
Heap after GC invocations=13 (full 2):
 PSYoungGen      total 294912K, used 13282K [0x00000000d5f80000, 0x00000000f0100000, 0x0000000100000000)
  eden space 281600K, 0% used [0x00000000d5f80000,0x00000000d5f80000,0x00000000e7280000)
  from space 13312K, 99% used [0x00000000e7280000,0x00000000e7f789b0,0x00000000e7f80000)
  to   space 18432K, 0% used [0x00000000eef00000,0x00000000eef00000,0x00000000f0100000)
 ParOldGen       total 74752K, used 25997K [0x0000000081e00000, 0x0000000086700000, 0x00000000d5f80000)
  object space 74752K, 34% used [0x0000000081e00000,0x00000000837636f0,0x0000000086700000)
 Metaspace       used 54658K, capacity 57358K, committed 57600K, reserved 1099776K
  class space    used 7355K, capacity 7841K, committed 7936K, reserved 1048576K
}
Event: 26.360 GC heap before
{Heap before GC invocations=14 (full 2):
 PSYoungGen      total 294912K, used 51478K [0x00000000d5f80000, 0x00000000f0100000, 0x0000000100000000)
  eden space 281600K, 13% used [0x00000000d5f80000,0x00000000d84cd118,0x00000000e7280000)
  from space 13312K, 99% used [0x00000000e7280000,0x00000000e7f789b0,0x00000000e7f80000)
  to   space 18432K, 0% used [0x00000000eef00000,0x00000000eef00000,0x00000000f0100000)
 ParOldGen       total 74752K, used 25997K [0x0000000081e00000, 0x0000000086700000, 0x00000000d5f80000)
  object space 74752K, 34% used [0x0000000081e00000,0x00000000837636f0,0x0000000086700000)
 Metaspace       used 56295K, capacity 59002K, committed 59136K, reserved 1099776K
  class space    used 7588K, capacity 8085K, committed 8192K, reserved 1048576K
Event: 26.371 GC heap after
Heap after GC invocations=14 (full 2):
 PSYoungGen      total 408576K, used 2605K [0x00000000d5f80000, 0x00000000f1300000, 0x0000000100000000)
  eden space 390144K, 0% used [0x00000000d5f80000,0x00000000d5f80000,0x00000000edc80000)
  from space 18432K, 14% used [0x00000000eef00000,0x00000000ef18b6f0,0x00000000f0100000)
  to   space 18944K, 0% used [0x00000000edc80000,0x00000000edc80000,0x00000000eef00000)
 ParOldGen       total 74752K, used 35770K [0x0000000081e00000, 0x0000000086700000, 0x00000000d5f80000)
  object space 74752K, 47% used [0x0000000081e00000,0x00000000840eea30,0x0000000086700000)
 Metaspace       used 56295K, capacity 59002K, committed 59136K, reserved 1099776K
  class space    used 7588K, capacity 8085K, committed 8192K, reserved 1048576K
}
Event: 26.371 GC heap before
{Heap before GC invocations=15 (full 3):
 PSYoungGen      total 408576K, used 2605K [0x00000000d5f80000, 0x00000000f1300000, 0x0000000100000000)
  eden space 390144K, 0% used [0x00000000d5f80000,0x00000000d5f80000,0x00000000edc80000)
  from space 18432K, 14% used [0x00000000eef00000,0x00000000ef18b6f0,0x00000000f0100000)
  to   space 18944K, 0% used [0x00000000edc80000,0x00000000edc80000,0x00000000eef00000)
 ParOldGen       total 74752K, used 35770K [0x0000000081e00000, 0x0000000086700000, 0x00000000d5f80000)
  object space 74752K, 47% used [0x0000000081e00000,0x00000000840eea30,0x0000000086700000)
 Metaspace       used 56295K, capacity 59002K, committed 59136K, reserved 1099776K
  class space    used 7588K, capacity 8085K, committed 8192K, reserved 1048576K
Event: 26.572 GC heap after
Heap after GC invocations=15 (full 3):
 PSYoungGen      total 408576K, used 0K [0x00000000d5f80000, 0x00000000f1300000, 0x0000000100000000)
  eden space 390144K, 0% used [0x00000000d5f80000,0x00000000d5f80000,0x00000000edc80000)
  from space 18432K, 0% used [0x00000000eef00000,0x00000000eef00000,0x00000000f0100000)
  to   space 18944K, 0% used [0x00000000edc80000,0x00000000edc80000,0x00000000eef00000)
 ParOldGen       total 107008K, used 26671K [0x0000000081e00000, 0x0000000088680000, 0x00000000d5f80000)
  object space 107008K, 24% used [0x0000000081e00000,0x000000008380bca8,0x0000000088680000)
 Metaspace       used 56295K, capacity 59002K, committed 59136K, reserved 1099776K
  class space    used 7588K, capacity 8085K, committed 8192K, reserved 1048576K
}

